C:\USERS\SURYADIH\DOCUMENTS\VISUAL STUDIO 2012\PROJECTS\NEW LAB 3\LAB 3\DEBUG\MAIN.OBJ
C:\USERS\SURYADIH\DOCUMENTS\VISUAL STUDIO 2012\PROJECTS\NEW LAB 3\LAB 3\DEBUG\VC110.PDB
C:\USERS\SURYADIH\DOCUMENTS\VISUAL STUDIO 2012\PROJECTS\NEW LAB 3\DEBUG\LAB 3.ILK
C:\USERS\SURYADIH\DOCUMENTS\VISUAL STUDIO 2012\PROJECTS\NEW LAB 3\DEBUG\LAB 3.EXE
C:\USERS\SURYADIH\DOCUMENTS\VISUAL STUDIO 2012\PROJECTS\NEW LAB 3\DEBUG\LAB 3.PDB
C:\Users\SURYADIH\Documents\Visual Studio 2012\Projects\New Lab 3\Lab 3\Debug\main.obj
C:\Users\SURYADIH\Documents\Visual Studio 2012\Projects\New Lab 3\Lab 3\Debug\cl.command.1.tlog
C:\Users\SURYADIH\Documents\Visual Studio 2012\Projects\New Lab 3\Lab 3\Debug\CL.read.1.tlog
C:\Users\SURYADIH\Documents\Visual Studio 2012\Projects\New Lab 3\Lab 3\Debug\CL.write.1.tlog
C:\Users\SURYADIH\Documents\Visual Studio 2012\Projects\New Lab 3\Lab 3\Debug\link-cvtres.read.1.tlog
C:\Users\SURYADIH\Documents\Visual Studio 2012\Projects\New Lab 3\Lab 3\Debug\link-cvtres.write.1.tlog
C:\Users\SURYADIH\Documents\Visual Studio 2012\Projects\New Lab 3\Lab 3\Debug\link-rc.read.1.tlog
C:\Users\SURYADIH\Documents\Visual Studio 2012\Projects\New Lab 3\Lab 3\Debug\link-rc.write.1.tlog
C:\Users\SURYADIH\Documents\Visual Studio 2012\Projects\New Lab 3\Lab 3\Debug\link.11148-cvtres.read.1.tlog
C:\Users\SURYADIH\Documents\Visual Studio 2012\Projects\New Lab 3\Lab 3\Debug\link.11148-cvtres.write.1.tlog
C:\Users\SURYADIH\Documents\Visual Studio 2012\Projects\New Lab 3\Lab 3\Debug\link.11148-rc.read.1.tlog
C:\Users\SURYADIH\Documents\Visual Studio 2012\Projects\New Lab 3\Lab 3\Debug\link.11148-rc.write.1.tlog
C:\Users\SURYADIH\Documents\Visual Studio 2012\Projects\New Lab 3\Lab 3\Debug\link.11148.read.1.tlog
C:\Users\SURYADIH\Documents\Visual Studio 2012\Projects\New Lab 3\Lab 3\Debug\link.11148.write.1.tlog
C:\Users\SURYADIH\Documents\Visual Studio 2012\Projects\New Lab 3\Lab 3\Debug\link.8012-cvtres.read.1.tlog
C:\Users\SURYADIH\Documents\Visual Studio 2012\Projects\New Lab 3\Lab 3\Debug\link.8012-cvtres.write.1.tlog
C:\Users\SURYADIH\Documents\Visual Studio 2012\Projects\New Lab 3\Lab 3\Debug\link.8012-rc.read.1.tlog
C:\Users\SURYADIH\Documents\Visual Studio 2012\Projects\New Lab 3\Lab 3\Debug\link.8012-rc.write.1.tlog
C:\Users\SURYADIH\Documents\Visual Studio 2012\Projects\New Lab 3\Lab 3\Debug\link.8012.read.1.tlog
C:\Users\SURYADIH\Documents\Visual Studio 2012\Projects\New Lab 3\Lab 3\Debug\link.8012.write.1.tlog
C:\Users\SURYADIH\Documents\Visual Studio 2012\Projects\New Lab 3\Lab 3\Debug\link.8320-cvtres.read.1.tlog
C:\Users\SURYADIH\Documents\Visual Studio 2012\Projects\New Lab 3\Lab 3\Debug\link.8320-cvtres.write.1.tlog
C:\Users\SURYADIH\Documents\Visual Studio 2012\Projects\New Lab 3\Lab 3\Debug\link.8320-rc.read.1.tlog
C:\Users\SURYADIH\Documents\Visual Studio 2012\Projects\New Lab 3\Lab 3\Debug\link.8320-rc.write.1.tlog
C:\Users\SURYADIH\Documents\Visual Studio 2012\Projects\New Lab 3\Lab 3\Debug\link.8320.read.1.tlog
C:\Users\SURYADIH\Documents\Visual Studio 2012\Projects\New Lab 3\Lab 3\Debug\link.8320.write.1.tlog
C:\Users\SURYADIH\Documents\Visual Studio 2012\Projects\New Lab 3\Lab 3\Debug\link.8968-cvtres.read.1.tlog
C:\Users\SURYADIH\Documents\Visual Studio 2012\Projects\New Lab 3\Lab 3\Debug\link.8968-cvtres.write.1.tlog
C:\Users\SURYADIH\Documents\Visual Studio 2012\Projects\New Lab 3\Lab 3\Debug\link.8968-rc.read.1.tlog
C:\Users\SURYADIH\Documents\Visual Studio 2012\Projects\New Lab 3\Lab 3\Debug\link.8968-rc.write.1.tlog
C:\Users\SURYADIH\Documents\Visual Studio 2012\Projects\New Lab 3\Lab 3\Debug\link.8968.read.1.tlog
C:\Users\SURYADIH\Documents\Visual Studio 2012\Projects\New Lab 3\Lab 3\Debug\link.8968.write.1.tlog
C:\Users\SURYADIH\Documents\Visual Studio 2012\Projects\New Lab 3\Lab 3\Debug\link.9108-cvtres.read.1.tlog
C:\Users\SURYADIH\Documents\Visual Studio 2012\Projects\New Lab 3\Lab 3\Debug\link.9108-cvtres.write.1.tlog
C:\Users\SURYADIH\Documents\Visual Studio 2012\Projects\New Lab 3\Lab 3\Debug\link.9108-rc.read.1.tlog
C:\Users\SURYADIH\Documents\Visual Studio 2012\Projects\New Lab 3\Lab 3\Debug\link.9108-rc.write.1.tlog
C:\Users\SURYADIH\Documents\Visual Studio 2012\Projects\New Lab 3\Lab 3\Debug\link.9108.read.1.tlog
C:\Users\SURYADIH\Documents\Visual Studio 2012\Projects\New Lab 3\Lab 3\Debug\link.9108.write.1.tlog
C:\Users\SURYADIH\Documents\Visual Studio 2012\Projects\New Lab 3\Lab 3\Debug\link.command.1.tlog
C:\Users\SURYADIH\Documents\Visual Studio 2012\Projects\New Lab 3\Lab 3\Debug\link.read.1.tlog
C:\Users\SURYADIH\Documents\Visual Studio 2012\Projects\New Lab 3\Lab 3\Debug\link.write.1.tlog
C:\Users\SURYADIH\Documents\Visual Studio 2012\Projects\New Lab 3\Lab 3\Debug\vc110.idb
C:\Users\SURYADIH\Documents\Visual Studio 2012\Projects\New Lab 3\Lab 3\Debug\vc110.pdb
C:\Users\SURYADIH\Documents\Visual Studio 2012\Projects\New Lab 3\Debug\Lab 3.pdb
C:\Users\SURYADIH\Documents\Visual Studio 2012\Projects\New Lab 3\Debug\Lab 3.exe
C:\Users\SURYADIH\Documents\Visual Studio 2012\Projects\New Lab 3\Debug\Lab 3.ilk
