C:\USERS\SURYADIH\DOCUMENTS\VISUAL STUDIO 2012\PROJECTS\LAB 4\RELEASE\MAIN.OBJ
C:\USERS\SURYADIH\DOCUMENTS\VISUAL STUDIO 2012\PROJECTS\LAB 4\RELEASE\KIRBY.OBJ
C:\USERS\SURYADIH\DOCUMENTS\VISUAL STUDIO 2012\PROJECTS\LAB 4\RELEASE\VC110.PDB
C:\USERS\SURYADIH\DOCUMENTS\VISUAL STUDIO 2012\PROJECTS\LAB 4\RELEASE\LAB 4.EXE
C:\USERS\SURYADIH\DOCUMENTS\VISUAL STUDIO 2012\PROJECTS\LAB 4\RELEASE\LAB 4.PDB
C:\Users\SURYADIH\Documents\Visual Studio 2012\Projects\lab 4\Release\kirby.obj
C:\Users\SURYADIH\Documents\Visual Studio 2012\Projects\lab 4\Release\main.obj
C:\Users\SURYADIH\Documents\Visual Studio 2012\Projects\lab 4\Release\cl.command.1.tlog
C:\Users\SURYADIH\Documents\Visual Studio 2012\Projects\lab 4\Release\CL.read.1.tlog
C:\Users\SURYADIH\Documents\Visual Studio 2012\Projects\lab 4\Release\CL.write.1.tlog
C:\Users\SURYADIH\Documents\Visual Studio 2012\Projects\lab 4\Release\link-cvtres.read.1.tlog
C:\Users\SURYADIH\Documents\Visual Studio 2012\Projects\lab 4\Release\link-cvtres.write.1.tlog
C:\Users\SURYADIH\Documents\Visual Studio 2012\Projects\lab 4\Release\link-rc.read.1.tlog
C:\Users\SURYADIH\Documents\Visual Studio 2012\Projects\lab 4\Release\link-rc.write.1.tlog
C:\Users\SURYADIH\Documents\Visual Studio 2012\Projects\lab 4\Release\link.command.1.tlog
C:\Users\SURYADIH\Documents\Visual Studio 2012\Projects\lab 4\Release\link.read.1.tlog
C:\Users\SURYADIH\Documents\Visual Studio 2012\Projects\lab 4\Release\link.write.1.tlog
C:\Users\SURYADIH\Documents\Visual Studio 2012\Projects\lab 4\Release\lab 4.pdb
C:\Users\SURYADIH\Documents\Visual Studio 2012\Projects\lab 4\Release\vc110.pdb
C:\Users\SURYADIH\Documents\Visual Studio 2012\Projects\lab 4\Release\lab 4.exe
