C:\USERS\SURYADIH\DOCUMENTS\VISUAL STUDIO 2012\PROJECTS\LAB 4\DEBUG\MAIN.OBJ
C:\USERS\SURYADIH\DOCUMENTS\VISUAL STUDIO 2012\PROJECTS\LAB 4\DEBUG\VC110.PDB
C:\USERS\SURYADIH\DOCUMENTS\VISUAL STUDIO 2012\PROJECTS\LAB 4\DEBUG\KIRBY.OBJ
C:\USERS\SURYADIH\DOCUMENTS\VISUAL STUDIO 2012\PROJECTS\LAB 4\DEBUG\LAB 4.ILK
C:\USERS\SURYADIH\DOCUMENTS\VISUAL STUDIO 2012\PROJECTS\LAB 4\DEBUG\LAB 4.EXE
C:\USERS\SURYADIH\DOCUMENTS\VISUAL STUDIO 2012\PROJECTS\LAB 4\DEBUG\LAB 4.PDB
C:\Users\SURYADIH\Documents\Visual Studio 2012\Projects\lab 4\Debug\kirby.obj
C:\Users\SURYADIH\Documents\Visual Studio 2012\Projects\lab 4\Debug\main.obj
C:\Users\SURYADIH\Documents\Visual Studio 2012\Projects\lab 4\Debug\lab 4.ilk
C:\Users\SURYADIH\Documents\Visual Studio 2012\Projects\lab 4\Debug\cl.command.1.tlog
C:\Users\SURYADIH\Documents\Visual Studio 2012\Projects\lab 4\Debug\CL.read.1.tlog
C:\Users\SURYADIH\Documents\Visual Studio 2012\Projects\lab 4\Debug\CL.write.1.tlog
C:\Users\SURYADIH\Documents\Visual Studio 2012\Projects\lab 4\Debug\link-cvtres.read.1.tlog
C:\Users\SURYADIH\Documents\Visual Studio 2012\Projects\lab 4\Debug\link-cvtres.write.1.tlog
C:\Users\SURYADIH\Documents\Visual Studio 2012\Projects\lab 4\Debug\link-rc.read.1.tlog
C:\Users\SURYADIH\Documents\Visual Studio 2012\Projects\lab 4\Debug\link-rc.write.1.tlog
C:\Users\SURYADIH\Documents\Visual Studio 2012\Projects\lab 4\Debug\link.2296-cvtres.read.1.tlog
C:\Users\SURYADIH\Documents\Visual Studio 2012\Projects\lab 4\Debug\link.2296-cvtres.write.1.tlog
C:\Users\SURYADIH\Documents\Visual Studio 2012\Projects\lab 4\Debug\link.2296-rc.read.1.tlog
C:\Users\SURYADIH\Documents\Visual Studio 2012\Projects\lab 4\Debug\link.2296-rc.write.1.tlog
C:\Users\SURYADIH\Documents\Visual Studio 2012\Projects\lab 4\Debug\link.2296.read.1.tlog
C:\Users\SURYADIH\Documents\Visual Studio 2012\Projects\lab 4\Debug\link.2296.write.1.tlog
C:\Users\SURYADIH\Documents\Visual Studio 2012\Projects\lab 4\Debug\link.3512-cvtres.read.1.tlog
C:\Users\SURYADIH\Documents\Visual Studio 2012\Projects\lab 4\Debug\link.3512-cvtres.write.1.tlog
C:\Users\SURYADIH\Documents\Visual Studio 2012\Projects\lab 4\Debug\link.3512-rc.read.1.tlog
C:\Users\SURYADIH\Documents\Visual Studio 2012\Projects\lab 4\Debug\link.3512-rc.write.1.tlog
C:\Users\SURYADIH\Documents\Visual Studio 2012\Projects\lab 4\Debug\link.3512.read.1.tlog
C:\Users\SURYADIH\Documents\Visual Studio 2012\Projects\lab 4\Debug\link.3512.write.1.tlog
C:\Users\SURYADIH\Documents\Visual Studio 2012\Projects\lab 4\Debug\link.3708-cvtres.read.1.tlog
C:\Users\SURYADIH\Documents\Visual Studio 2012\Projects\lab 4\Debug\link.3708-cvtres.write.1.tlog
C:\Users\SURYADIH\Documents\Visual Studio 2012\Projects\lab 4\Debug\link.3708-rc.read.1.tlog
C:\Users\SURYADIH\Documents\Visual Studio 2012\Projects\lab 4\Debug\link.3708-rc.write.1.tlog
C:\Users\SURYADIH\Documents\Visual Studio 2012\Projects\lab 4\Debug\link.3708.read.1.tlog
C:\Users\SURYADIH\Documents\Visual Studio 2012\Projects\lab 4\Debug\link.3708.write.1.tlog
C:\Users\SURYADIH\Documents\Visual Studio 2012\Projects\lab 4\Debug\link.8968-cvtres.read.1.tlog
C:\Users\SURYADIH\Documents\Visual Studio 2012\Projects\lab 4\Debug\link.8968-cvtres.write.1.tlog
C:\Users\SURYADIH\Documents\Visual Studio 2012\Projects\lab 4\Debug\link.8968-rc.read.1.tlog
C:\Users\SURYADIH\Documents\Visual Studio 2012\Projects\lab 4\Debug\link.8968-rc.write.1.tlog
C:\Users\SURYADIH\Documents\Visual Studio 2012\Projects\lab 4\Debug\link.8968.read.1.tlog
C:\Users\SURYADIH\Documents\Visual Studio 2012\Projects\lab 4\Debug\link.8968.write.1.tlog
C:\Users\SURYADIH\Documents\Visual Studio 2012\Projects\lab 4\Debug\link.9280-cvtres.read.1.tlog
C:\Users\SURYADIH\Documents\Visual Studio 2012\Projects\lab 4\Debug\link.9280-cvtres.write.1.tlog
C:\Users\SURYADIH\Documents\Visual Studio 2012\Projects\lab 4\Debug\link.9280-rc.read.1.tlog
C:\Users\SURYADIH\Documents\Visual Studio 2012\Projects\lab 4\Debug\link.9280-rc.write.1.tlog
C:\Users\SURYADIH\Documents\Visual Studio 2012\Projects\lab 4\Debug\link.9280.read.1.tlog
C:\Users\SURYADIH\Documents\Visual Studio 2012\Projects\lab 4\Debug\link.9280.write.1.tlog
C:\Users\SURYADIH\Documents\Visual Studio 2012\Projects\lab 4\Debug\link.command.1.tlog
C:\Users\SURYADIH\Documents\Visual Studio 2012\Projects\lab 4\Debug\link.read.1.tlog
C:\Users\SURYADIH\Documents\Visual Studio 2012\Projects\lab 4\Debug\link.write.1.tlog
C:\Users\SURYADIH\Documents\Visual Studio 2012\Projects\lab 4\Debug\vc110.idb
C:\Users\SURYADIH\Documents\Visual Studio 2012\Projects\lab 4\Debug\lab 4.pdb
C:\Users\SURYADIH\Documents\Visual Studio 2012\Projects\lab 4\Debug\vc110.pdb
C:\Users\SURYADIH\Documents\Visual Studio 2012\Projects\lab 4\Debug\lab 4.exe
